<?xml version="1.0" encoding="UTF-8"?>
<!-- Generated by org.testng.reporters.JUnitReportReporter -->
<testsuite hostname="LAPTOP-TFCKF6S6" failures="0" tests="3" name="LoginSevletTest" time="3.597" errors="0" timestamp="2022-02-27T14:51:40 SGT" skipped="0">
  <testcase classname="LoginSevletTest" name="testLoginWithWrongPassword" time="0.194"/>
  <system-out/>
  <testcase classname="LoginSevletTest" name="testLoginWithWrongEmail" time="0.189"/>
  <system-out/>
  <testcase classname="LoginSevletTest" name="testLoginWithCorrectCredentials" time="3.214"/>
  <system-out/>
</testsuite> <!-- LoginSevletTest -->
